<?xml version="1.0" encoding="UTF-8"?>
<!-- Generated by org.testng.reporters.JUnitReportReporter -->
<testsuite hostname="DESKTOP-VCT5M15" failures="0" tests="1" name="runner.HomePageRunner" time="241.841" errors="0" timestamp="22 Mar 2024 13:56:22 GMT" skipped="0">
  <testcase classname="runner.HomePageRunner" name="runScenario" time="241.841"/>
</testsuite> <!-- runner.HomePageRunner -->
